app/manifest-merger-release-report.txt
-- Merging decision tree log ---
manifest
ADDED from AndroidManifest.xml:2:1
	xmlns:android
		ADDED from AndroidManifest.xml:2:11
	package
		ADDED from AndroidManifest.xml:3:5
		INJECTED from AndroidManifest.xml:0:0
		INJECTED from AndroidManifest.xml:0:0
	android:versionName
		INJECTED from AndroidManifest.xml:0:0
		INJECTED from AndroidManifest.xml:0:0
	android:versionCode
		INJECTED from AndroidManifest.xml:0:0
		INJECTED from AndroidManifest.xml:0:0
uses-permission#android.permission.INTERNET
ADDED from AndroidManifest.xml:5:5
	android:name
		ADDED from AndroidManifest.xml:5:22
uses-permission#android.permission.ACCESS_NETWORK_STATE
ADDED from AndroidManifest.xml:6:5
	android:name
		ADDED from AndroidManifest.xml:6:22
uses-permission#android.permission.WRITE_EXTERNAL_STORAGE
ADDED from AndroidManifest.xml:7:5
	android:name
		ADDED from AndroidManifest.xml:7:22
uses-permission#com.google.android.providers.gsf.permission.READ_GSERVICES
ADDED from AndroidManifest.xml:8:5
	android:name
		ADDED from AndroidManifest.xml:8:22
uses-permission#android.permission.ACCESS_COARSE_LOCATION
ADDED from AndroidManifest.xml:9:5
	android:name
		ADDED from AndroidManifest.xml:9:22
uses-permission#android.permission.ACCESS_FINE_LOCATION
ADDED from AndroidManifest.xml:10:5
	android:name
		ADDED from AndroidManifest.xml:10:22
uses-permission#android.permission.CAMERA
ADDED from AndroidManifest.xml:11:5
	android:name
		ADDED from AndroidManifest.xml:11:22
uses-permission#android.permission.RECORD_AUDIO
ADDED from AndroidManifest.xml:12:5
	android:name
		ADDED from AndroidManifest.xml:12:22
uses-feature#android.hardware.camera
ADDED from AndroidManifest.xml:14:5
	android:required
		ADDED from AndroidManifest.xml:16:9
	android:name
		ADDED from AndroidManifest.xml:15:9
uses-permission#android.permission.RECEIVE_BOOT_COMPLETED
ADDED from AndroidManifest.xml:18:5
	android:name
		ADDED from AndroidManifest.xml:18:22
application
ADDED from AndroidManifest.xml:20:5
MERGED from com.android.support:appcompat-v7:21.0.3:16:5
MERGED from com.android.support:support-v4:21.0.3:16:5
MERGED from com.google.android.gms:play-services:6.5.87:20:5
MERGED from com.android.support:support-v4:21.0.3:16:5
	android:label
		ADDED from AndroidManifest.xml:26:9
	android:allowBackup
		ADDED from AndroidManifest.xml:22:9
	android:icon
		ADDED from AndroidManifest.xml:25:9
	android:configChanges
		ADDED from AndroidManifest.xml:24:9
	android:theme
		ADDED from AndroidManifest.xml:27:9
	android:name
		ADDED from AndroidManifest.xml:21:9
activity#com.dr.yokohamarally.activities.SplashActivity
ADDED from AndroidManifest.xml:28:9
	android:windowSoftInputMode
		ADDED from AndroidManifest.xml:33:13
	android:screenOrientation
		ADDED from AndroidManifest.xml:30:13
	android:label
		ADDED from AndroidManifest.xml:32:13
	android:name
		ADDED from AndroidManifest.xml:29:13
intent-filter#android.intent.action.MAIN+android.intent.category.LAUNCHER
ADDED from AndroidManifest.xml:34:13
action#android.intent.action.MAIN
ADDED from AndroidManifest.xml:35:17
	android:name
		ADDED from AndroidManifest.xml:35:25
category#android.intent.category.LAUNCHER
ADDED from AndroidManifest.xml:37:17
	android:name
		ADDED from AndroidManifest.xml:37:27
service#com.dr.yokohamarally.fragments.GpsService
ADDED from AndroidManifest.xml:41:9
	android:name
		ADDED from AndroidManifest.xml:41:18
activity#com.dr.yokohamarally.activities.CameraActivity
ADDED from AndroidManifest.xml:43:9
	android:screenOrientation
		ADDED from AndroidManifest.xml:45:13
	android:label
		ADDED from AndroidManifest.xml:46:13
	android:name
		ADDED from AndroidManifest.xml:44:13
activity#com.dr.yokohamarally.activities.SubActivity
ADDED from AndroidManifest.xml:47:9
	android:screenOrientation
		ADDED from AndroidManifest.xml:49:13
	android:label
		ADDED from AndroidManifest.xml:50:13
	android:name
		ADDED from AndroidManifest.xml:48:13
activity#com.dr.yokohamarally.activities.TrimingActivity
ADDED from AndroidManifest.xml:51:9
	android:screenOrientation
		ADDED from AndroidManifest.xml:53:13
	android:label
		ADDED from AndroidManifest.xml:54:13
	android:name
		ADDED from AndroidManifest.xml:52:13
activity#com.dr.yokohamarally.activities.MapActivity
ADDED from AndroidManifest.xml:55:9
	android:screenOrientation
		ADDED from AndroidManifest.xml:57:13
	android:label
		ADDED from AndroidManifest.xml:58:13
	android:name
		ADDED from AndroidManifest.xml:56:13
activity#com.dr.yokohamarally.activities.TryActivity
ADDED from AndroidManifest.xml:59:9
	android:screenOrientation
		ADDED from AndroidManifest.xml:61:13
	android:label
		ADDED from AndroidManifest.xml:62:13
	android:name
		ADDED from AndroidManifest.xml:60:13
activity#com.dr.yokohamarally.activities.RootSummaryActivity
ADDED from AndroidManifest.xml:64:9
	android:screenOrientation
		ADDED from AndroidManifest.xml:66:13
	android:label
		ADDED from AndroidManifest.xml:67:13
	android:name
		ADDED from AndroidManifest.xml:65:13
meta-data#com.google.android.gms.version
ADDED from AndroidManifest.xml:70:9
MERGED from com.google.android.gms:play-services:6.5.87:21:9
	android:name
		ADDED from AndroidManifest.xml:71:13
	android:value
		ADDED from AndroidManifest.xml:72:13
meta-data#com.google.android.maps.v2.API_KEY
ADDED from AndroidManifest.xml:77:9
	android:name
		ADDED from AndroidManifest.xml:78:13
	android:value
		ADDED from AndroidManifest.xml:79:13
activity#com.dr.yokohamarally.activities.LoginByEmail
ADDED from AndroidManifest.xml:80:9
	android:screenOrientation
		ADDED from AndroidManifest.xml:82:13
	android:label
		ADDED from AndroidManifest.xml:83:13
	android:name
		ADDED from AndroidManifest.xml:81:13
activity#com.dr.yokohamarally.activities.LoginActiviry
ADDED from AndroidManifest.xml:85:9
	android:screenOrientation
		ADDED from AndroidManifest.xml:87:13
	android:label
		ADDED from AndroidManifest.xml:88:13
	android:name
		ADDED from AndroidManifest.xml:86:13
activity#com.dr.yokohamarally.activities.RegisterByEmail
ADDED from AndroidManifest.xml:90:9
	android:screenOrientation
		ADDED from AndroidManifest.xml:92:13
	android:label
		ADDED from AndroidManifest.xml:93:13
	android:name
		ADDED from AndroidManifest.xml:91:13
activity#com.dr.yokohamarally.activities.MyPageActivity
ADDED from AndroidManifest.xml:95:9
	android:screenOrientation
		ADDED from AndroidManifest.xml:97:13
	android:label
		ADDED from AndroidManifest.xml:98:13
	android:name
		ADDED from AndroidManifest.xml:96:13
activity#com.dr.yokohamarally.activities.SettingActivity
ADDED from AndroidManifest.xml:100:9
	android:screenOrientation
		ADDED from AndroidManifest.xml:102:13
	android:label
		ADDED from AndroidManifest.xml:103:9
	android:name
		ADDED from AndroidManifest.xml:101:9
activity#com.dr.yokohamarally.activities.InputMapActivity
ADDED from AndroidManifest.xml:105:9
	android:screenOrientation
		ADDED from AndroidManifest.xml:107:13
	android:label
		ADDED from AndroidManifest.xml:109:13
	android:name
		ADDED from AndroidManifest.xml:106:13
activity#com.dr.yokohamarally.activities.FormActivity
ADDED from AndroidManifest.xml:112:9
	android:label
		ADDED from AndroidManifest.xml:114:13
	android:name
		ADDED from AndroidManifest.xml:113:13
activity#com.dr.yokohamarally.activities.MainActivity
ADDED from AndroidManifest.xml:117:9
	android:label
		ADDED from AndroidManifest.xml:119:13
	android:name
		ADDED from AndroidManifest.xml:118:13
uses-sdk
INJECTED from AndroidManifest.xml:0:0 reason: use-sdk injection requested
MERGED from com.android.support:appcompat-v7:21.0.3:15:5
MERGED from com.android.support:support-v4:21.0.3:15:5
MERGED from com.google.android.gms:play-services:6.5.87:18:5
MERGED from com.android.support:support-v4:21.0.3:15:5
	android:targetSdkVersion
		INJECTED from AndroidManifest.xml:0:0
		INJECTED from AndroidManifest.xml:0:0
	android:minSdkVersion
		INJECTED from AndroidManifest.xml:0:0
		INJECTED from AndroidManifest.xml:0:0